<?xml version="1.0" encoding="UTF-8"?>
<testng-results ignored="0" total="1" passed="1" failed="0" skipped="0">
  <reporter-output>
  </reporter-output>
  <suite started-at="2020-08-01T12:40:50 IST" name="Suite" finished-at="2020-08-01T12:41:17 IST" duration-ms="26893">
    <groups>
    </groups>
    <test started-at="2020-08-01T12:40:50 IST" name="Test" finished-at="2020-08-01T12:41:17 IST" duration-ms="26893">
      <class name="testcases.mytheresa.WishListCheckAdd">
        <test-method signature="WishList()[pri:0, instance:testcases.mytheresa.WishListCheckAdd@7ce3cb8e]" started-at="2020-08-01T12:40:50 IST" name="WishList" finished-at="2020-08-01T12:41:17 IST" duration-ms="26862" status="PASS">
          <reporter-output>
          </reporter-output>
        </test-method> <!-- WishList -->
      </class> <!-- testcases.mytheresa.WishListCheckAdd -->
    </test> <!-- Test -->
  </suite> <!-- Suite -->
</testng-results>
